<?xml version="1.0" encoding="UTF-8"?>
<robot generator="Robot 3.1.1 (Python 3.7.2 on win32)" generated="20191128 22:23:43.673" rpa="false">
<suite id="s1" name="GoogleTest" source="C:\Users\ksrinivasan\PycharmProjects\SampleTest\Tests\GoogleTest.robot">
<test id="s1-t1" name="Open and navigate to a web page">
<kw name="Open a new browser and navigate to URL" library="Setup" type="setup">
<doc>To open a new browser instance and navigate to a specified URL</doc>
<arguments>
<arg>http://www.google.com</arg>
<arg>chrome</arg>
</arguments>
<kw name="Open Browser" library="SeleniumLibrary">
<doc>Opens a new browser instance to the given ``url``.</doc>
<arguments>
<arg>${URL}</arg>
<arg>${Browser}</arg>
</arguments>
<msg timestamp="20191128 22:23:44.213" level="INFO">Opening browser 'chrome' to base url 'http://www.google.com'.</msg>
<status status="PASS" starttime="20191128 22:23:44.213" endtime="20191128 22:23:47.935"></status>
</kw>
<kw name="Maximize Browser Window" library="SeleniumLibrary">
<doc>Maximizes current browser window.</doc>
<status status="PASS" starttime="20191128 22:23:47.936" endtime="20191128 22:23:49.146"></status>
</kw>
<kw name="Sleep" library="BuiltIn">
<doc>Pauses the test executed for the given time.</doc>
<arguments>
<arg>3s</arg>
</arguments>
<msg timestamp="20191128 22:23:52.150" level="INFO">Slept 3 seconds</msg>
<status status="PASS" starttime="20191128 22:23:49.146" endtime="20191128 22:23:52.152"></status>
</kw>
<status status="PASS" starttime="20191128 22:23:44.212" endtime="20191128 22:23:52.153"></status>
</kw>
<kw name="Log" library="BuiltIn">
<doc>Logs the given message with the given level.</doc>
<arguments>
<arg>The browser is opened web page is displayed</arg>
<arg>console=${True}</arg>
</arguments>
<msg timestamp="20191128 22:23:52.159" level="INFO">The browser is opened web page is displayed</msg>
<status status="PASS" starttime="20191128 22:23:52.156" endtime="20191128 22:23:52.160"></status>
</kw>
<kw name="close the current browser" library="Teardown" type="teardown">
<doc>Close the current browser window</doc>
<kw name="Log" library="BuiltIn">
<doc>Logs the given message with the given level.</doc>
<arguments>
<arg>closing the browser</arg>
</arguments>
<msg timestamp="20191128 22:23:52.165" level="INFO">closing the browser</msg>
<status status="PASS" starttime="20191128 22:23:52.163" endtime="20191128 22:23:52.165"></status>
</kw>
<kw name="Close Browser" library="SeleniumLibrary">
<doc>Closes the current browser.</doc>
<status status="PASS" starttime="20191128 22:23:52.166" endtime="20191128 22:23:54.475"></status>
</kw>
<status status="PASS" starttime="20191128 22:23:52.161" endtime="20191128 22:23:54.476"></status>
</kw>
<doc>Open a browser test</doc>
<tags>
<tag>test</tag>
</tags>
<status status="PASS" starttime="20191128 22:23:44.211" endtime="20191128 22:23:54.476" critical="yes"></status>
</test>
<doc>To search a product and display the list of prices</doc>
<status status="PASS" starttime="20191128 22:23:43.681" endtime="20191128 22:23:54.481"></status>
</suite>
<statistics>
<total>
<stat pass="1" fail="0">Critical Tests</stat>
<stat pass="1" fail="0">All Tests</stat>
</total>
<tag>
<stat pass="1" fail="0">test</stat>
</tag>
<suite>
<stat pass="1" fail="0" id="s1" name="GoogleTest">GoogleTest</stat>
</suite>
</statistics>
<errors>
</errors>
</robot>
